mode: atomic
github.com/lucasmodrich/git-worktree-manager/internal/config/env.go:10.29,11.74 1 3
github.com/lucasmodrich/git-worktree-manager/internal/config/env.go:11.74,13.3 1 2
github.com/lucasmodrich/git-worktree-manager/internal/config/env.go:15.2,16.16 2 1
github.com/lucasmodrich/git-worktree-manager/internal/config/env.go:16.16,19.3 1 0
github.com/lucasmodrich/git-worktree-manager/internal/config/env.go:21.2,21.53 1 1
github.com/lucasmodrich/git-worktree-manager/internal/config/paths.go:8.29,11.2 2 1
github.com/lucasmodrich/git-worktree-manager/internal/ui/errors.go:9.53,11.2 1 4
github.com/lucasmodrich/git-worktree-manager/internal/ui/errors.go:14.45,16.2 1 1
github.com/lucasmodrich/git-worktree-manager/internal/ui/output.go:8.41,10.2 1 3
github.com/lucasmodrich/git-worktree-manager/internal/ui/output.go:13.34,15.2 1 1
github.com/lucasmodrich/git-worktree-manager/internal/ui/output.go:18.36,20.2 1 1
github.com/lucasmodrich/git-worktree-manager/internal/ui/prompt.go:12.49,16.21 3 0
github.com/lucasmodrich/git-worktree-manager/internal/ui/prompt.go:16.21,17.39 1 0
github.com/lucasmodrich/git-worktree-manager/internal/ui/prompt.go:17.39,19.4 1 0
github.com/lucasmodrich/git-worktree-manager/internal/ui/prompt.go:21.3,21.20 1 0
github.com/lucasmodrich/git-worktree-manager/internal/ui/prompt.go:24.2,25.27 2 0
github.com/lucasmodrich/git-worktree-manager/internal/ui/prompt.go:29.46,32.16 2 9
github.com/lucasmodrich/git-worktree-manager/internal/ui/prompt.go:33.18,34.19 1 4
github.com/lucasmodrich/git-worktree-manager/internal/ui/prompt.go:35.21,36.20 1 4
github.com/lucasmodrich/git-worktree-manager/internal/ui/prompt.go:37.10,38.74 1 1
github.com/lucasmodrich/git-worktree-manager/internal/version/semver.go:23.47,25.20 2 38
github.com/lucasmodrich/git-worktree-manager/internal/version/semver.go:25.20,27.3 1 2
github.com/lucasmodrich/git-worktree-manager/internal/version/semver.go:29.2,34.22 5 36
github.com/lucasmodrich/git-worktree-manager/internal/version/semver.go:34.22,36.3 1 14
github.com/lucasmodrich/git-worktree-manager/internal/version/semver.go:38.2,47.8 2 36
github.com/lucasmodrich/git-worktree-manager/internal/version/semver.go:52.52,54.27 1 15
github.com/lucasmodrich/git-worktree-manager/internal/version/semver.go:54.27,56.3 1 0
github.com/lucasmodrich/git-worktree-manager/internal/version/semver.go:57.2,57.27 1 15
github.com/lucasmodrich/git-worktree-manager/internal/version/semver.go:57.27,59.3 1 1
github.com/lucasmodrich/git-worktree-manager/internal/version/semver.go:61.2,61.27 1 14
github.com/lucasmodrich/git-worktree-manager/internal/version/semver.go:61.27,63.3 1 1
github.com/lucasmodrich/git-worktree-manager/internal/version/semver.go:64.2,64.27 1 13
github.com/lucasmodrich/git-worktree-manager/internal/version/semver.go:64.27,66.3 1 0
github.com/lucasmodrich/git-worktree-manager/internal/version/semver.go:68.2,68.27 1 13
github.com/lucasmodrich/git-worktree-manager/internal/version/semver.go:68.27,70.3 1 2
github.com/lucasmodrich/git-worktree-manager/internal/version/semver.go:71.2,71.27 1 11
github.com/lucasmodrich/git-worktree-manager/internal/version/semver.go:71.27,73.3 1 0
github.com/lucasmodrich/git-worktree-manager/internal/version/semver.go:77.2,80.30 3 11
github.com/lucasmodrich/git-worktree-manager/internal/version/semver.go:80.30,82.3 1 4
github.com/lucasmodrich/git-worktree-manager/internal/version/semver.go:83.2,83.29 1 7
github.com/lucasmodrich/git-worktree-manager/internal/version/semver.go:83.29,85.3 1 2
github.com/lucasmodrich/git-worktree-manager/internal/version/semver.go:86.2,86.29 1 5
github.com/lucasmodrich/git-worktree-manager/internal/version/semver.go:86.29,88.3 1 1
github.com/lucasmodrich/git-worktree-manager/internal/version/semver.go:91.2,91.69 1 4
github.com/lucasmodrich/git-worktree-manager/internal/version/semver.go:95.55,97.21 2 4
github.com/lucasmodrich/git-worktree-manager/internal/version/semver.go:97.21,99.3 1 0
github.com/lucasmodrich/git-worktree-manager/internal/version/semver.go:101.2,101.30 1 4
github.com/lucasmodrich/git-worktree-manager/internal/version/semver.go:101.30,103.18 1 7
github.com/lucasmodrich/git-worktree-manager/internal/version/semver.go:103.18,105.4 1 0
github.com/lucasmodrich/git-worktree-manager/internal/version/semver.go:106.3,106.18 1 7
github.com/lucasmodrich/git-worktree-manager/internal/version/semver.go:106.18,108.4 1 1
github.com/lucasmodrich/git-worktree-manager/internal/version/semver.go:110.3,117.33 5 6
github.com/lucasmodrich/git-worktree-manager/internal/version/semver.go:117.33,118.19 1 1
github.com/lucasmodrich/git-worktree-manager/internal/version/semver.go:118.19,120.5 1 1
github.com/lucasmodrich/git-worktree-manager/internal/version/semver.go:121.4,121.19 1 0
github.com/lucasmodrich/git-worktree-manager/internal/version/semver.go:121.19,123.5 1 0
github.com/lucasmodrich/git-worktree-manager/internal/version/semver.go:125.4,125.12 1 0
github.com/lucasmodrich/git-worktree-manager/internal/version/semver.go:129.3,129.33 1 5
github.com/lucasmodrich/git-worktree-manager/internal/version/semver.go:129.33,131.4 1 0
github.com/lucasmodrich/git-worktree-manager/internal/version/semver.go:132.3,132.33 1 5
github.com/lucasmodrich/git-worktree-manager/internal/version/semver.go:132.33,134.4 1 2
github.com/lucasmodrich/git-worktree-manager/internal/version/semver.go:137.3,137.16 1 3
github.com/lucasmodrich/git-worktree-manager/internal/version/semver.go:137.16,139.4 1 0
github.com/lucasmodrich/git-worktree-manager/internal/version/semver.go:140.3,140.16 1 3
github.com/lucasmodrich/git-worktree-manager/internal/version/semver.go:140.16,142.4 1 0
github.com/lucasmodrich/git-worktree-manager/internal/version/semver.go:147.2,147.14 1 0
github.com/lucasmodrich/git-worktree-manager/internal/version/upgrade.go:17.66,20.16 2 0
github.com/lucasmodrich/git-worktree-manager/internal/version/upgrade.go:20.16,22.3 1 0
github.com/lucasmodrich/git-worktree-manager/internal/version/upgrade.go:24.2,25.16 2 0
github.com/lucasmodrich/git-worktree-manager/internal/version/upgrade.go:25.16,27.3 1 0
github.com/lucasmodrich/git-worktree-manager/internal/version/upgrade.go:29.2,29.34 1 0
github.com/lucasmodrich/git-worktree-manager/internal/version/upgrade.go:29.34,31.3 1 0
github.com/lucasmodrich/git-worktree-manager/internal/version/upgrade.go:34.2,40.60 4 0
github.com/lucasmodrich/git-worktree-manager/internal/version/upgrade.go:40.60,42.3 1 0
github.com/lucasmodrich/git-worktree-manager/internal/version/upgrade.go:43.2,48.64 4 0
github.com/lucasmodrich/git-worktree-manager/internal/version/upgrade.go:48.64,50.3 1 0
github.com/lucasmodrich/git-worktree-manager/internal/version/upgrade.go:51.2,54.77 2 0
github.com/lucasmodrich/git-worktree-manager/internal/version/upgrade.go:54.77,56.3 1 0
github.com/lucasmodrich/git-worktree-manager/internal/version/upgrade.go:59.2,60.54 2 0
github.com/lucasmodrich/git-worktree-manager/internal/version/upgrade.go:60.54,62.3 1 0
github.com/lucasmodrich/git-worktree-manager/internal/version/upgrade.go:64.2,65.29 2 0
github.com/lucasmodrich/git-worktree-manager/internal/version/upgrade.go:65.29,68.49 3 0
github.com/lucasmodrich/git-worktree-manager/internal/version/upgrade.go:68.49,71.4 1 0
github.com/lucasmodrich/git-worktree-manager/internal/version/upgrade.go:75.2,78.51 2 0
github.com/lucasmodrich/git-worktree-manager/internal/version/upgrade.go:78.51,80.3 1 0
github.com/lucasmodrich/git-worktree-manager/internal/version/upgrade.go:83.2,83.61 1 0
github.com/lucasmodrich/git-worktree-manager/internal/version/upgrade.go:83.61,85.3 1 0
github.com/lucasmodrich/git-worktree-manager/internal/version/upgrade.go:87.2,87.12 1 0
github.com/lucasmodrich/git-worktree-manager/internal/version/upgrade.go:91.29,97.21 4 0
github.com/lucasmodrich/git-worktree-manager/internal/version/upgrade.go:97.21,99.3 1 0
github.com/lucasmodrich/git-worktree-manager/internal/version/upgrade.go:102.2,106.25 3 0
github.com/lucasmodrich/git-worktree-manager/internal/version/upgrade.go:106.25,108.3 1 0
github.com/lucasmodrich/git-worktree-manager/internal/version/upgrade.go:110.2,110.19 1 0
github.com/lucasmodrich/git-worktree-manager/internal/version/upgrade.go:114.47,116.16 2 0
github.com/lucasmodrich/git-worktree-manager/internal/version/upgrade.go:116.16,118.3 1 0
github.com/lucasmodrich/git-worktree-manager/internal/version/upgrade.go:119.2,121.38 2 0
github.com/lucasmodrich/git-worktree-manager/internal/version/upgrade.go:121.38,123.3 1 0
github.com/lucasmodrich/git-worktree-manager/internal/version/upgrade.go:125.2,126.16 2 0
github.com/lucasmodrich/git-worktree-manager/internal/version/upgrade.go:126.16,128.3 1 0
github.com/lucasmodrich/git-worktree-manager/internal/version/upgrade.go:129.2,132.12 3 0
github.com/lucasmodrich/git-worktree-manager/internal/version/upgrade.go:136.70,139.16 2 0
github.com/lucasmodrich/git-worktree-manager/internal/version/upgrade.go:139.16,141.3 1 0
github.com/lucasmodrich/git-worktree-manager/internal/version/upgrade.go:142.2,145.47 3 0
github.com/lucasmodrich/git-worktree-manager/internal/version/upgrade.go:145.47,147.3 1 0
github.com/lucasmodrich/git-worktree-manager/internal/version/upgrade.go:148.2,152.16 3 0
github.com/lucasmodrich/git-worktree-manager/internal/version/upgrade.go:152.16,154.3 1 0
github.com/lucasmodrich/git-worktree-manager/internal/version/upgrade.go:157.2,159.29 3 0
github.com/lucasmodrich/git-worktree-manager/internal/version/upgrade.go:159.29,160.41 1 0
github.com/lucasmodrich/git-worktree-manager/internal/version/upgrade.go:160.41,162.23 2 0
github.com/lucasmodrich/git-worktree-manager/internal/version/upgrade.go:162.23,164.10 2 0
github.com/lucasmodrich/git-worktree-manager/internal/version/upgrade.go:169.2,169.28 1 0
github.com/lucasmodrich/git-worktree-manager/internal/version/upgrade.go:169.28,171.3 1 0
github.com/lucasmodrich/git-worktree-manager/internal/version/upgrade.go:173.2,173.40 1 0
github.com/lucasmodrich/git-worktree-manager/internal/version/upgrade.go:173.40,175.3 1 0
github.com/lucasmodrich/git-worktree-manager/internal/version/upgrade.go:177.2,177.12 1 0
github.com/lucasmodrich/git-worktree-manager/internal/commands/branch.go:24.13,26.2 1 0
github.com/lucasmodrich/git-worktree-manager/internal/commands/branch.go:28.51,32.19 2 0
github.com/lucasmodrich/git-worktree-manager/internal/commands/branch.go:32.19,34.3 1 0
github.com/lucasmodrich/git-worktree-manager/internal/commands/branch.go:37.2,37.45 1 0
github.com/lucasmodrich/git-worktree-manager/internal/commands/branch.go:37.45,40.3 2 0
github.com/lucasmodrich/git-worktree-manager/internal/commands/branch.go:43.2,46.19 3 0
github.com/lucasmodrich/git-worktree-manager/internal/commands/branch.go:46.19,52.3 5 0
github.com/lucasmodrich/git-worktree-manager/internal/commands/branch.go:55.2,56.50 2 0
github.com/lucasmodrich/git-worktree-manager/internal/commands/branch.go:56.50,59.3 2 0
github.com/lucasmodrich/git-worktree-manager/internal/commands/branch.go:62.2,67.23 4 0
github.com/lucasmodrich/git-worktree-manager/internal/commands/branch.go:67.23,71.26 2 0
github.com/lucasmodrich/git-worktree-manager/internal/commands/branch.go:71.26,76.18 3 0
github.com/lucasmodrich/git-worktree-manager/internal/commands/branch.go:76.18,79.5 2 0
github.com/lucasmodrich/git-worktree-manager/internal/commands/branch.go:81.4,81.14 1 0
github.com/lucasmodrich/git-worktree-manager/internal/commands/branch.go:81.14,83.5 1 0
github.com/lucasmodrich/git-worktree-manager/internal/commands/branch.go:85.8,85.31 1 0
github.com/lucasmodrich/git-worktree-manager/internal/commands/branch.go:85.31,90.17 3 0
github.com/lucasmodrich/git-worktree-manager/internal/commands/branch.go:90.17,93.4 2 0
github.com/lucasmodrich/git-worktree-manager/internal/commands/branch.go:95.3,95.14 1 0
github.com/lucasmodrich/git-worktree-manager/internal/commands/branch.go:95.14,98.4 2 0
github.com/lucasmodrich/git-worktree-manager/internal/commands/branch.go:101.3,101.79 1 0
github.com/lucasmodrich/git-worktree-manager/internal/commands/branch.go:101.79,104.4 2 0
github.com/lucasmodrich/git-worktree-manager/internal/commands/branch.go:105.8,107.23 1 0
github.com/lucasmodrich/git-worktree-manager/internal/commands/branch.go:107.23,111.18 3 0
github.com/lucasmodrich/git-worktree-manager/internal/commands/branch.go:111.18,114.5 2 0
github.com/lucasmodrich/git-worktree-manager/internal/commands/branch.go:117.3,119.69 2 0
github.com/lucasmodrich/git-worktree-manager/internal/commands/branch.go:119.69,122.4 2 0
github.com/lucasmodrich/git-worktree-manager/internal/commands/branch.go:124.3,124.20 1 0
github.com/lucasmodrich/git-worktree-manager/internal/commands/branch.go:128.2,130.76 2 0
github.com/lucasmodrich/git-worktree-manager/internal/commands/branch.go:130.76,133.3 2 0
github.com/lucasmodrich/git-worktree-manager/internal/commands/branch.go:136.2,136.16 1 0
github.com/lucasmodrich/git-worktree-manager/internal/commands/branch.go:136.16,139.55 2 0
github.com/lucasmodrich/git-worktree-manager/internal/commands/branch.go:139.55,142.4 2 0
github.com/lucasmodrich/git-worktree-manager/internal/commands/branch.go:145.2,145.65 1 0
github.com/lucasmodrich/git-worktree-manager/internal/commands/list.go:18.13,20.2 1 0
github.com/lucasmodrich/git-worktree-manager/internal/commands/list.go:22.49,24.45 1 0
github.com/lucasmodrich/git-worktree-manager/internal/commands/list.go:24.45,27.3 2 0
github.com/lucasmodrich/git-worktree-manager/internal/commands/list.go:30.2,33.19 3 0
github.com/lucasmodrich/git-worktree-manager/internal/commands/list.go:33.19,36.3 2 0
github.com/lucasmodrich/git-worktree-manager/internal/commands/list.go:39.2,40.16 2 0
github.com/lucasmodrich/git-worktree-manager/internal/commands/list.go:40.16,43.3 2 0
github.com/lucasmodrich/git-worktree-manager/internal/commands/list.go:46.2,47.31 2 0
github.com/lucasmodrich/git-worktree-manager/internal/commands/list.go:47.31,49.3 1 0
github.com/lucasmodrich/git-worktree-manager/internal/commands/prune.go:16.13,18.2 1 0
github.com/lucasmodrich/git-worktree-manager/internal/commands/prune.go:20.50,22.45 1 0
github.com/lucasmodrich/git-worktree-manager/internal/commands/prune.go:22.45,25.3 2 0
github.com/lucasmodrich/git-worktree-manager/internal/commands/prune.go:28.2,31.19 3 0
github.com/lucasmodrich/git-worktree-manager/internal/commands/prune.go:31.19,34.3 2 0
github.com/lucasmodrich/git-worktree-manager/internal/commands/prune.go:37.2,39.47 2 0
github.com/lucasmodrich/git-worktree-manager/internal/commands/prune.go:39.47,42.3 2 0
github.com/lucasmodrich/git-worktree-manager/internal/commands/prune.go:44.2,44.42 1 0
github.com/lucasmodrich/git-worktree-manager/internal/commands/remove.go:21.13,24.2 2 0
github.com/lucasmodrich/git-worktree-manager/internal/commands/remove.go:26.51,30.45 2 0
github.com/lucasmodrich/git-worktree-manager/internal/commands/remove.go:30.45,33.3 2 0
github.com/lucasmodrich/git-worktree-manager/internal/commands/remove.go:36.2,39.19 3 0
github.com/lucasmodrich/git-worktree-manager/internal/commands/remove.go:39.19,42.19 3 0
github.com/lucasmodrich/git-worktree-manager/internal/commands/remove.go:42.19,44.4 1 0
github.com/lucasmodrich/git-worktree-manager/internal/commands/remove.go:45.3,45.9 1 0
github.com/lucasmodrich/git-worktree-manager/internal/commands/remove.go:49.2,54.60 3 0
github.com/lucasmodrich/git-worktree-manager/internal/commands/remove.go:54.60,57.3 2 0
github.com/lucasmodrich/git-worktree-manager/internal/commands/remove.go:60.2,62.63 2 0
github.com/lucasmodrich/git-worktree-manager/internal/commands/remove.go:62.63,65.3 1 0
github.com/lucasmodrich/git-worktree-manager/internal/commands/remove.go:68.2,68.18 1 0
github.com/lucasmodrich/git-worktree-manager/internal/commands/remove.go:68.18,71.63 2 0
github.com/lucasmodrich/git-worktree-manager/internal/commands/remove.go:71.63,74.4 2 0
github.com/lucasmodrich/git-worktree-manager/internal/commands/remove.go:77.2,77.44 1 0
github.com/lucasmodrich/git-worktree-manager/internal/commands/root.go:26.13,29.2 1 0
github.com/lucasmodrich/git-worktree-manager/internal/commands/root.go:32.22,34.2 1 0
github.com/lucasmodrich/git-worktree-manager/internal/commands/root.go:37.27,39.2 1 0
github.com/lucasmodrich/git-worktree-manager/internal/commands/root.go:42.26,44.2 1 0
github.com/lucasmodrich/git-worktree-manager/internal/commands/root.go:47.23,49.2 1 0
github.com/lucasmodrich/git-worktree-manager/internal/commands/setup.go:22.13,24.2 1 0
github.com/lucasmodrich/git-worktree-manager/internal/commands/setup.go:26.50,31.16 3 0
github.com/lucasmodrich/git-worktree-manager/internal/commands/setup.go:31.16,34.3 2 0
github.com/lucasmodrich/git-worktree-manager/internal/commands/setup.go:37.2,38.53 2 0
github.com/lucasmodrich/git-worktree-manager/internal/commands/setup.go:38.53,42.3 2 0
github.com/lucasmodrich/git-worktree-manager/internal/commands/setup.go:45.2,48.19 3 0
github.com/lucasmodrich/git-worktree-manager/internal/commands/setup.go:48.19,56.3 7 0
github.com/lucasmodrich/git-worktree-manager/internal/commands/setup.go:59.2,60.52 2 0
github.com/lucasmodrich/git-worktree-manager/internal/commands/setup.go:60.52,63.3 2 0
github.com/lucasmodrich/git-worktree-manager/internal/commands/setup.go:66.2,66.43 1 0
github.com/lucasmodrich/git-worktree-manager/internal/commands/setup.go:66.43,69.3 2 0
github.com/lucasmodrich/git-worktree-manager/internal/commands/setup.go:72.2,73.57 2 0
github.com/lucasmodrich/git-worktree-manager/internal/commands/setup.go:73.57,76.3 2 0
github.com/lucasmodrich/git-worktree-manager/internal/commands/setup.go:79.2,80.81 2 0
github.com/lucasmodrich/git-worktree-manager/internal/commands/setup.go:80.81,83.3 2 0
github.com/lucasmodrich/git-worktree-manager/internal/commands/setup.go:86.2,87.59 2 0
github.com/lucasmodrich/git-worktree-manager/internal/commands/setup.go:87.59,90.3 2 0
github.com/lucasmodrich/git-worktree-manager/internal/commands/setup.go:92.2,93.55 2 0
github.com/lucasmodrich/git-worktree-manager/internal/commands/setup.go:93.55,96.3 2 0
github.com/lucasmodrich/git-worktree-manager/internal/commands/setup.go:99.2,100.50 2 0
github.com/lucasmodrich/git-worktree-manager/internal/commands/setup.go:100.50,103.3 2 0
github.com/lucasmodrich/git-worktree-manager/internal/commands/setup.go:106.2,107.16 2 0
github.com/lucasmodrich/git-worktree-manager/internal/commands/setup.go:107.16,110.3 2 0
github.com/lucasmodrich/git-worktree-manager/internal/commands/setup.go:113.2,115.79 3 0
github.com/lucasmodrich/git-worktree-manager/internal/commands/setup.go:115.79,118.3 2 0
github.com/lucasmodrich/git-worktree-manager/internal/commands/setup.go:120.2,120.42 1 0
github.com/lucasmodrich/git-worktree-manager/internal/commands/setup.go:124.67,127.70 2 0
github.com/lucasmodrich/git-worktree-manager/internal/commands/setup.go:127.70,133.3 5 0
github.com/lucasmodrich/git-worktree-manager/internal/commands/setup.go:136.2,137.66 2 0
github.com/lucasmodrich/git-worktree-manager/internal/commands/setup.go:137.66,142.3 4 0
github.com/lucasmodrich/git-worktree-manager/internal/commands/setup.go:144.2,144.107 1 0
github.com/lucasmodrich/git-worktree-manager/internal/commands/upgrade.go:18.13,20.2 1 0
github.com/lucasmodrich/git-worktree-manager/internal/commands/upgrade.go:22.52,29.16 4 0
github.com/lucasmodrich/git-worktree-manager/internal/commands/upgrade.go:29.16,32.3 2 0
github.com/lucasmodrich/git-worktree-manager/internal/commands/upgrade.go:35.2,38.32 3 0
github.com/lucasmodrich/git-worktree-manager/internal/commands/upgrade.go:38.32,41.3 2 0
github.com/lucasmodrich/git-worktree-manager/internal/commands/upgrade.go:43.2,43.40 1 0
github.com/lucasmodrich/git-worktree-manager/internal/commands/upgrade.go:43.40,46.3 2 0
github.com/lucasmodrich/git-worktree-manager/internal/commands/upgrade.go:49.2,51.79 2 0
github.com/lucasmodrich/git-worktree-manager/internal/commands/upgrade.go:51.79,54.3 2 0
github.com/lucasmodrich/git-worktree-manager/internal/commands/upgrade.go:56.2,61.96 6 0
github.com/lucasmodrich/git-worktree-manager/internal/commands/utils.go:10.33,14.16 3 0
github.com/lucasmodrich/git-worktree-manager/internal/commands/utils.go:14.16,15.25 1 0
github.com/lucasmodrich/git-worktree-manager/internal/commands/utils.go:15.25,17.4 1 0
github.com/lucasmodrich/git-worktree-manager/internal/commands/utils.go:18.3,18.53 1 0
github.com/lucasmodrich/git-worktree-manager/internal/commands/utils.go:22.2,22.18 1 0
github.com/lucasmodrich/git-worktree-manager/internal/commands/utils.go:22.18,24.3 1 0
github.com/lucasmodrich/git-worktree-manager/internal/commands/utils.go:26.2,26.12 1 0
github.com/lucasmodrich/git-worktree-manager/internal/commands/version.go:21.13,23.2 1 0
github.com/lucasmodrich/git-worktree-manager/internal/commands/version.go:25.52,34.16 5 0
github.com/lucasmodrich/git-worktree-manager/internal/commands/version.go:34.16,37.3 2 0
github.com/lucasmodrich/git-worktree-manager/internal/commands/version.go:39.2,46.32 5 0
github.com/lucasmodrich/git-worktree-manager/internal/commands/version.go:46.32,49.3 2 0
github.com/lucasmodrich/git-worktree-manager/internal/commands/version.go:51.2,51.39 1 0
github.com/lucasmodrich/git-worktree-manager/internal/commands/version.go:51.39,54.3 2 0
github.com/lucasmodrich/git-worktree-manager/internal/commands/version.go:54.8,57.3 2 0
github.com/lucasmodrich/git-worktree-manager/internal/commands/version.go:60.43,64.16 3 0
github.com/lucasmodrich/git-worktree-manager/internal/commands/version.go:64.16,66.3 1 0
github.com/lucasmodrich/git-worktree-manager/internal/commands/version.go:67.2,69.38 2 0
github.com/lucasmodrich/git-worktree-manager/internal/commands/version.go:69.38,71.3 1 0
github.com/lucasmodrich/git-worktree-manager/internal/commands/version.go:73.2,74.16 2 0
github.com/lucasmodrich/git-worktree-manager/internal/commands/version.go:74.16,76.3 1 0
github.com/lucasmodrich/git-worktree-manager/internal/commands/version.go:78.2,78.45 1 0
github.com/lucasmodrich/git-worktree-manager/cmd/git-worktree-manager/main.go:12.13,17.43 2 0
github.com/lucasmodrich/git-worktree-manager/cmd/git-worktree-manager/main.go:17.43,19.3 1 0
github.com/lucasmodrich/git-worktree-manager/internal/git/branch.go:9.62,11.12 2 8
github.com/lucasmodrich/git-worktree-manager/internal/git/branch.go:11.12,13.3 1 0
github.com/lucasmodrich/git-worktree-manager/internal/git/branch.go:13.8,15.3 1 8
github.com/lucasmodrich/git-worktree-manager/internal/git/branch.go:17.2,18.16 2 8
github.com/lucasmodrich/git-worktree-manager/internal/git/branch.go:18.16,20.3 1 0
github.com/lucasmodrich/git-worktree-manager/internal/git/branch.go:22.2,22.40 1 8
github.com/lucasmodrich/git-worktree-manager/internal/git/branch.go:26.62,28.22 2 5
github.com/lucasmodrich/git-worktree-manager/internal/git/branch.go:28.22,30.3 1 3
github.com/lucasmodrich/git-worktree-manager/internal/git/branch.go:32.2,33.16 2 5
github.com/lucasmodrich/git-worktree-manager/internal/git/branch.go:33.16,35.3 1 1
github.com/lucasmodrich/git-worktree-manager/internal/git/branch.go:37.2,37.12 1 4
github.com/lucasmodrich/git-worktree-manager/internal/git/branch.go:41.62,43.11 2 1
github.com/lucasmodrich/git-worktree-manager/internal/git/branch.go:43.11,45.3 1 0
github.com/lucasmodrich/git-worktree-manager/internal/git/branch.go:47.2,48.16 2 1
github.com/lucasmodrich/git-worktree-manager/internal/git/branch.go:48.16,50.3 1 0
github.com/lucasmodrich/git-worktree-manager/internal/git/branch.go:52.2,52.12 1 1
github.com/lucasmodrich/git-worktree-manager/internal/git/branch.go:56.56,58.16 2 1
github.com/lucasmodrich/git-worktree-manager/internal/git/branch.go:58.16,60.3 1 1
github.com/lucasmodrich/git-worktree-manager/internal/git/branch.go:62.2,62.12 1 0
github.com/lucasmodrich/git-worktree-manager/internal/git/client.go:17.40,22.2 1 37
github.com/lucasmodrich/git-worktree-manager/internal/git/client.go:25.77,26.14 1 131
github.com/lucasmodrich/git-worktree-manager/internal/git/client.go:26.14,30.3 2 1
github.com/lucasmodrich/git-worktree-manager/internal/git/client.go:32.2,33.21 2 130
github.com/lucasmodrich/git-worktree-manager/internal/git/client.go:33.21,35.3 1 127
github.com/lucasmodrich/git-worktree-manager/internal/git/client.go:37.2,46.16 7 130
github.com/lucasmodrich/git-worktree-manager/internal/git/client.go:46.16,48.19 1 11
github.com/lucasmodrich/git-worktree-manager/internal/git/client.go:48.19,50.4 1 11
github.com/lucasmodrich/git-worktree-manager/internal/git/client.go:50.9,52.4 1 0
github.com/lucasmodrich/git-worktree-manager/internal/git/client.go:55.2,55.28 1 130
github.com/lucasmodrich/git-worktree-manager/internal/git/config.go:8.53,10.16 2 9
github.com/lucasmodrich/git-worktree-manager/internal/git/config.go:10.16,12.3 1 0
github.com/lucasmodrich/git-worktree-manager/internal/git/config.go:14.2,14.12 1 9
github.com/lucasmodrich/git-worktree-manager/internal/git/config.go:18.48,21.16 2 1
github.com/lucasmodrich/git-worktree-manager/internal/git/config.go:21.16,23.3 1 0
github.com/lucasmodrich/git-worktree-manager/internal/git/config.go:25.2,25.12 1 1
github.com/lucasmodrich/git-worktree-manager/internal/git/config.go:29.52,36.35 2 1
github.com/lucasmodrich/git-worktree-manager/internal/git/config.go:36.35,37.49 1 3
github.com/lucasmodrich/git-worktree-manager/internal/git/config.go:37.49,39.4 1 0
github.com/lucasmodrich/git-worktree-manager/internal/git/config.go:42.2,42.12 1 1
github.com/lucasmodrich/git-worktree-manager/internal/git/remote.go:9.61,12.10 2 3
github.com/lucasmodrich/git-worktree-manager/internal/git/remote.go:12.10,14.3 1 1
github.com/lucasmodrich/git-worktree-manager/internal/git/remote.go:16.2,19.16 3 3
github.com/lucasmodrich/git-worktree-manager/internal/git/remote.go:19.16,21.3 1 0
github.com/lucasmodrich/git-worktree-manager/internal/git/remote.go:23.2,23.12 1 3
github.com/lucasmodrich/git-worktree-manager/internal/git/remote.go:27.47,30.9 2 2
github.com/lucasmodrich/git-worktree-manager/internal/git/remote.go:30.9,32.3 1 2
github.com/lucasmodrich/git-worktree-manager/internal/git/remote.go:34.2,34.11 1 2
github.com/lucasmodrich/git-worktree-manager/internal/git/remote.go:34.11,36.3 1 1
github.com/lucasmodrich/git-worktree-manager/internal/git/remote.go:38.2,39.16 2 2
github.com/lucasmodrich/git-worktree-manager/internal/git/remote.go:39.16,41.3 1 0
github.com/lucasmodrich/git-worktree-manager/internal/git/remote.go:43.2,43.12 1 2
github.com/lucasmodrich/git-worktree-manager/internal/git/remote.go:47.62,50.17 2 2
github.com/lucasmodrich/git-worktree-manager/internal/git/remote.go:50.17,52.3 1 2
github.com/lucasmodrich/git-worktree-manager/internal/git/remote.go:52.8,54.3 1 0
github.com/lucasmodrich/git-worktree-manager/internal/git/remote.go:56.2,57.16 2 2
github.com/lucasmodrich/git-worktree-manager/internal/git/remote.go:57.16,59.3 1 0
github.com/lucasmodrich/git-worktree-manager/internal/git/remote.go:61.2,61.12 1 2
github.com/lucasmodrich/git-worktree-manager/internal/git/remote.go:65.56,68.32 2 2
github.com/lucasmodrich/git-worktree-manager/internal/git/remote.go:68.32,71.21 2 1
github.com/lucasmodrich/git-worktree-manager/internal/git/remote.go:71.21,73.4 1 1
github.com/lucasmodrich/git-worktree-manager/internal/git/remote.go:77.2,78.16 2 1
github.com/lucasmodrich/git-worktree-manager/internal/git/remote.go:78.16,80.36 1 0
github.com/lucasmodrich/git-worktree-manager/internal/git/remote.go:80.36,82.4 1 0
github.com/lucasmodrich/git-worktree-manager/internal/git/remote.go:83.3,83.38 1 0
github.com/lucasmodrich/git-worktree-manager/internal/git/remote.go:83.38,85.4 1 0
github.com/lucasmodrich/git-worktree-manager/internal/git/remote.go:86.3,86.68 1 0
github.com/lucasmodrich/git-worktree-manager/internal/git/remote.go:90.2,91.29 2 1
github.com/lucasmodrich/git-worktree-manager/internal/git/remote.go:91.29,92.45 1 4
github.com/lucasmodrich/git-worktree-manager/internal/git/remote.go:92.45,94.23 2 1
github.com/lucasmodrich/git-worktree-manager/internal/git/remote.go:94.23,96.5 1 1
github.com/lucasmodrich/git-worktree-manager/internal/git/remote.go:101.2,101.35 1 0
github.com/lucasmodrich/git-worktree-manager/internal/git/remote.go:101.35,103.3 1 0
github.com/lucasmodrich/git-worktree-manager/internal/git/remote.go:104.2,104.37 1 0
github.com/lucasmodrich/git-worktree-manager/internal/git/remote.go:104.37,106.3 1 0
github.com/lucasmodrich/git-worktree-manager/internal/git/remote.go:108.2,108.58 1 0
github.com/lucasmodrich/git-worktree-manager/internal/git/worktree.go:9.69,12.11 2 3
github.com/lucasmodrich/git-worktree-manager/internal/git/worktree.go:12.11,14.3 1 3
github.com/lucasmodrich/git-worktree-manager/internal/git/worktree.go:16.2,18.11 2 3
github.com/lucasmodrich/git-worktree-manager/internal/git/worktree.go:18.11,20.3 1 3
github.com/lucasmodrich/git-worktree-manager/internal/git/worktree.go:22.2,23.16 2 3
github.com/lucasmodrich/git-worktree-manager/internal/git/worktree.go:23.16,25.3 1 3
github.com/lucasmodrich/git-worktree-manager/internal/git/worktree.go:27.2,27.69 1 0
github.com/lucasmodrich/git-worktree-manager/internal/git/worktree.go:27.69,30.3 1 0
github.com/lucasmodrich/git-worktree-manager/internal/git/worktree.go:32.2,32.12 1 0
github.com/lucasmodrich/git-worktree-manager/internal/git/worktree.go:36.51,38.16 2 2
github.com/lucasmodrich/git-worktree-manager/internal/git/worktree.go:38.16,40.3 1 2
github.com/lucasmodrich/git-worktree-manager/internal/git/worktree.go:42.2,44.29 3 0
github.com/lucasmodrich/git-worktree-manager/internal/git/worktree.go:44.29,45.17 1 0
github.com/lucasmodrich/git-worktree-manager/internal/git/worktree.go:45.17,47.4 1 0
github.com/lucasmodrich/git-worktree-manager/internal/git/worktree.go:50.2,50.23 1 0
github.com/lucasmodrich/git-worktree-manager/internal/git/worktree.go:54.52,56.16 2 1
github.com/lucasmodrich/git-worktree-manager/internal/git/worktree.go:56.16,58.3 1 1
github.com/lucasmodrich/git-worktree-manager/internal/git/worktree.go:60.2,60.12 1 0
github.com/lucasmodrich/git-worktree-manager/internal/git/worktree.go:64.40,66.16 2 1
github.com/lucasmodrich/git-worktree-manager/internal/git/worktree.go:66.16,68.3 1 1
github.com/lucasmodrich/git-worktree-manager/internal/git/worktree.go:70.2,70.12 1 0
